<?xml version="1.0" encoding="UTF-8"?>
<!-- Generated by org.testng.reporters.JUnitReportReporter -->
<testsuite hostname="LAPTOP-S60HSV3C" failures="0" tests="1" name="com.SeleniumPractice.TestAttributes" time="8.598" errors="0" timestamp="2023-11-13T18:26:28 IST" skipped="0">
  <testcase classname="com.SeleniumPractice.TestAttributes" name="testMethods" time="8.598"/>
  <system-out/>
</testsuite> <!-- com.SeleniumPractice.TestAttributes -->
