<?xml version="1.0" encoding="UTF-8"?>
<!-- Generated by org.testng.reporters.JUnitReportReporter -->
<testsuite hostname="LAPTOP-S60HSV3C" failures="0" tests="6" name="com.SeleniumPractice.DataProviderCLass" time="147.856" errors="0" timestamp="2023-11-13T17:05:28 IST" skipped="0">
  <testcase classname="com.SeleniumPractice.DataProviderCLass" name="TestLogin" time="26.157"/>
  <system-out/>
  <testcase classname="com.SeleniumPractice.DataProviderCLass" name="TestLogin" time="22.997"/>
  <system-out/>
  <testcase classname="com.SeleniumPractice.DataProviderCLass" name="TestLogin" time="23.831"/>
  <system-out/>
  <testcase classname="com.SeleniumPractice.DataProviderCLass" name="TestLogin" time="25.356"/>
  <system-out/>
  <testcase classname="com.SeleniumPractice.DataProviderCLass" name="TestLogin" time="22.953"/>
  <system-out/>
  <testcase classname="com.SeleniumPractice.DataProviderCLass" name="TestLogin" time="26.562"/>
  <system-out/>
</testsuite> <!-- com.SeleniumPractice.DataProviderCLass -->
