<?xml version="1.0" encoding="UTF-8"?>
<!-- Generated by org.testng.reporters.JUnitReportReporter -->
<testsuite hostname="LAPTOP-S60HSV3C" failures="0" tests="2" name="com.SeleniumPractice.HelloWorld" time="0.002" errors="0" timestamp="2023-11-10T22:23:41 IST" skipped="0">
  <testcase classname="com.SeleniumPractice.HelloWorld" name="hello1" time="0.001"/>
  <system-out/>
  <testcase classname="com.SeleniumPractice.HelloWorld" name="foo1" time="0.001"/>
  <system-out/>
</testsuite> <!-- com.SeleniumPractice.HelloWorld -->
